2025-01-26 14:03:35.314513: Initialized Git repository.
2025-01-26 14:03:35.314647: Number of commits to make: 19
2025-01-26 14:03:35.314914: Written Commit 1 at 2025-01-26 14:03:35 to activity_log.txt
2025-01-26 14:03:35.367763: Committed changes: Auto-commit 2025-01-26 14:03:35
2025-01-26 14:03:35.367958: Written Commit 2 at 2025-01-26 14:03:35 to activity_log.txt
2025-01-26 14:03:35.391864: Committed changes: Auto-commit 2025-01-26 14:03:35
2025-01-26 14:03:35.391994: Written Commit 3 at 2025-01-26 14:03:35 to activity_log.txt
2025-01-26 14:03:35.417037: Committed changes: Auto-commit 2025-01-26 14:03:35
2025-01-26 14:03:35.417163: Written Commit 4 at 2025-01-26 14:03:35 to activity_log.txt
2025-01-26 14:03:35.442322: Committed changes: Auto-commit 2025-01-26 14:03:35
2025-01-26 14:03:35.442481: Written Commit 5 at 2025-01-26 14:03:35 to activity_log.txt
2025-01-26 14:03:35.466189: Committed changes: Auto-commit 2025-01-26 14:03:35
2025-01-26 14:03:35.466337: Written Commit 6 at 2025-01-26 14:03:35 to activity_log.txt
2025-01-26 14:03:35.490941: Committed changes: Auto-commit 2025-01-26 14:03:35
2025-01-26 14:03:35.491094: Written Commit 7 at 2025-01-26 14:03:35 to activity_log.txt
2025-01-26 14:03:35.515157: Committed changes: Auto-commit 2025-01-26 14:03:35
2025-01-26 14:03:35.515300: Written Commit 8 at 2025-01-26 14:03:35 to activity_log.txt
2025-01-26 14:03:35.539714: Committed changes: Auto-commit 2025-01-26 14:03:35
2025-01-26 14:03:35.539842: Written Commit 9 at 2025-01-26 14:03:35 to activity_log.txt
2025-01-26 14:03:35.563785: Committed changes: Auto-commit 2025-01-26 14:03:35
2025-01-26 14:03:35.563928: Written Commit 10 at 2025-01-26 14:03:35 to activity_log.txt
2025-01-26 14:03:35.586911: Committed changes: Auto-commit 2025-01-26 14:03:35
2025-01-26 14:03:35.587041: Written Commit 11 at 2025-01-26 14:03:35 to activity_log.txt
2025-01-26 14:03:35.611694: Committed changes: Auto-commit 2025-01-26 14:03:35
2025-01-26 14:03:35.611944: Written Commit 12 at 2025-01-26 14:03:35 to activity_log.txt
2025-01-26 14:03:35.637024: Committed changes: Auto-commit 2025-01-26 14:03:35
2025-01-26 14:03:35.637160: Written Commit 13 at 2025-01-26 14:03:35 to activity_log.txt
2025-01-26 14:03:35.661200: Committed changes: Auto-commit 2025-01-26 14:03:35
2025-01-26 14:03:35.661349: Written Commit 14 at 2025-01-26 14:03:35 to activity_log.txt
2025-01-26 14:03:35.685095: Committed changes: Auto-commit 2025-01-26 14:03:35
2025-01-26 14:03:35.685288: Written Commit 15 at 2025-01-26 14:03:35 to activity_log.txt
2025-01-26 14:03:35.709002: Committed changes: Auto-commit 2025-01-26 14:03:35
2025-01-26 14:03:35.709128: Written Commit 16 at 2025-01-26 14:03:35 to activity_log.txt
2025-01-26 14:03:35.733480: Committed changes: Auto-commit 2025-01-26 14:03:35
2025-01-26 14:03:35.733608: Written Commit 17 at 2025-01-26 14:03:35 to activity_log.txt
2025-01-26 14:03:35.757520: Committed changes: Auto-commit 2025-01-26 14:03:35
2025-01-26 14:03:35.757651: Written Commit 18 at 2025-01-26 14:03:35 to activity_log.txt
2025-01-26 14:03:35.782038: Committed changes: Auto-commit 2025-01-26 14:03:35
2025-01-26 14:03:35.782165: Written Commit 19 at 2025-01-26 14:03:35 to activity_log.txt
2025-01-26 14:03:35.806652: Committed changes: Auto-commit 2025-01-26 14:03:35
2025-01-26 14:03:35.806719: Attempting to push changes...
2025-01-26 14:03:36.670673: Push successful.
2025-01-26 14:03:36.670894: Pulling latest changes from remote...
2025-01-26 14:03:37.466865: Pull successful.
